#1731693199137 | took 3ms | statement | connection 0| url jdbc:p6spy:postgresql://localhost:5432/bookingapp

    drop table if exists agendas cascade

    drop table if exists agendas cascade;
#1731693199138 | took 0ms | statement | connection 0| url jdbc:p6spy:postgresql://localhost:5432/bookingapp

    drop table if exists clients cascade

    drop table if exists clients cascade;
#1731693199139 | took 0ms | statement | connection 0| url jdbc:p6spy:postgresql://localhost:5432/bookingapp

    drop table if exists corporations cascade

    drop table if exists corporations cascade;
#1731693199139 | took 0ms | statement | connection 0| url jdbc:p6spy:postgresql://localhost:5432/bookingapp

    drop table if exists employees cascade

    drop table if exists employees cascade;
#1731693199140 | took 0ms | statement | connection 0| url jdbc:p6spy:postgresql://localhost:5432/bookingapp

    drop table if exists procedures cascade

    drop table if exists procedures cascade;
#1731693199140 | took 0ms | statement | connection 0| url jdbc:p6spy:postgresql://localhost:5432/bookingapp

    drop table if exists proprietors cascade

    drop table if exists proprietors cascade;
#1731693199141 | took 0ms | statement | connection 0| url jdbc:p6spy:postgresql://localhost:5432/bookingapp

    drop table if exists subdivisions cascade

    drop table if exists subdivisions cascade;
#1731693199166 | took 20ms | statement | connection 0| url jdbc:p6spy:postgresql://localhost:5432/bookingapp

    create table agendas (
        day date not null,
        deleted boolean not null,
        end_hour time(6),
        start_hour time(6),
        created_at timestamp(6),
        id bigint generated by default as identity,
        last_update_at timestamp(6),
        primary key (id)
    )

    create table agendas (
        day date not null,
        deleted boolean not null,
        end_hour time(6),
        start_hour time(6),
        created_at timestamp(6),
        id bigint generated by default as identity,
        last_update_at timestamp(6),
        primary key (id)
    );
#1731693199170 | took 3ms | statement | connection 0| url jdbc:p6spy:postgresql://localhost:5432/bookingapp

    create table clients (
        deleted boolean not null,
        created_at timestamp(6),
        id bigint generated by default as identity,
        last_update_at timestamp(6),
        name varchar(100) not null,
        email varchar(255),
        primary key (id)
    )

    create table clients (
        deleted boolean not null,
        created_at timestamp(6),
        id bigint generated by default as identity,
        last_update_at timestamp(6),
        name varchar(100) not null,
        email varchar(255),
        primary key (id)
    );
#1731693199174 | took 3ms | statement | connection 0| url jdbc:p6spy:postgresql://localhost:5432/bookingapp

    create table corporations (
        deleted boolean not null,
        created_at timestamp(6),
        id bigint generated by default as identity,
        last_update_at timestamp(6),
        name varchar(100) not null,
        primary key (id)
    )

    create table corporations (
        deleted boolean not null,
        created_at timestamp(6),
        id bigint generated by default as identity,
        last_update_at timestamp(6),
        name varchar(100) not null,
        primary key (id)
    );
#1731693199179 | took 4ms | statement | connection 0| url jdbc:p6spy:postgresql://localhost:5432/bookingapp

    create table employees (
        deleted boolean not null,
        created_at timestamp(6),
        id bigint generated by default as identity,
        last_update_at timestamp(6),
        name varchar(100) not null,
        email varchar(255),
        primary key (id)
    )

    create table employees (
        deleted boolean not null,
        created_at timestamp(6),
        id bigint generated by default as identity,
        last_update_at timestamp(6),
        name varchar(100) not null,
        email varchar(255),
        primary key (id)
    );
#1731693199182 | took 3ms | statement | connection 0| url jdbc:p6spy:postgresql://localhost:5432/bookingapp

    create table procedures (
        deleted boolean not null,
        estimated_time_in_minutes integer,
        price float(53) not null,
        created_at timestamp(6),
        id bigint generated by default as identity,
        last_update_at timestamp(6),
        name varchar(100) not null,
        primary key (id)
    )

    create table procedures (
        deleted boolean not null,
        estimated_time_in_minutes integer,
        price float(53) not null,
        created_at timestamp(6),
        id bigint generated by default as identity,
        last_update_at timestamp(6),
        name varchar(100) not null,
        primary key (id)
    );
#1731693199185 | took 2ms | statement | connection 0| url jdbc:p6spy:postgresql://localhost:5432/bookingapp

    create table proprietors (
        deleted boolean not null,
        created_at timestamp(6),
        id bigint generated by default as identity,
        last_update_at timestamp(6),
        name varchar(100) not null,
        email varchar(255),
        primary key (id)
    )

    create table proprietors (
        deleted boolean not null,
        created_at timestamp(6),
        id bigint generated by default as identity,
        last_update_at timestamp(6),
        name varchar(100) not null,
        email varchar(255),
        primary key (id)
    );
#1731693199192 | took 5ms | statement | connection 0| url jdbc:p6spy:postgresql://localhost:5432/bookingapp

    create table subdivisions (
        deleted boolean not null,
        created_at timestamp(6),
        id bigint generated by default as identity,
        last_update_at timestamp(6),
        name varchar(100) not null,
        adress varchar(255) not null,
        contact_info varchar(255),
        primary key (id)
    )

    create table subdivisions (
        deleted boolean not null,
        created_at timestamp(6),
        id bigint generated by default as identity,
        last_update_at timestamp(6),
        name varchar(100) not null,
        adress varchar(255) not null,
        contact_info varchar(255),
        primary key (id)
    );
#1731693313078 | took 7ms | statement | connection 0| url jdbc:p6spy:postgresql://localhost:5432/bookingapp

    drop table if exists agendas cascade

    drop table if exists agendas cascade;
#1731693313080 | took 1ms | statement | connection 0| url jdbc:p6spy:postgresql://localhost:5432/bookingapp

    drop table if exists clients cascade

    drop table if exists clients cascade;
#1731693313081 | took 1ms | statement | connection 0| url jdbc:p6spy:postgresql://localhost:5432/bookingapp

    drop table if exists corporations cascade

    drop table if exists corporations cascade;
#1731693313082 | took 1ms | statement | connection 0| url jdbc:p6spy:postgresql://localhost:5432/bookingapp

    drop table if exists employees cascade

    drop table if exists employees cascade;
#1731693313084 | took 1ms | statement | connection 0| url jdbc:p6spy:postgresql://localhost:5432/bookingapp

    drop table if exists procedures cascade

    drop table if exists procedures cascade;
#1731693313085 | took 1ms | statement | connection 0| url jdbc:p6spy:postgresql://localhost:5432/bookingapp

    drop table if exists proprietors cascade

    drop table if exists proprietors cascade;
#1731693313087 | took 2ms | statement | connection 0| url jdbc:p6spy:postgresql://localhost:5432/bookingapp

    drop table if exists subdivisions cascade

    drop table if exists subdivisions cascade;
#1731693313101 | took 9ms | statement | connection 0| url jdbc:p6spy:postgresql://localhost:5432/bookingapp

    create table agendas (
        day date not null,
        deleted boolean not null,
        end_hour time(6),
        start_hour time(6),
        created_at timestamp(6),
        id bigint generated by default as identity,
        last_update_at timestamp(6),
        primary key (id)
    )

    create table agendas (
        day date not null,
        deleted boolean not null,
        end_hour time(6),
        start_hour time(6),
        created_at timestamp(6),
        id bigint generated by default as identity,
        last_update_at timestamp(6),
        primary key (id)
    );
#1731693313105 | took 4ms | statement | connection 0| url jdbc:p6spy:postgresql://localhost:5432/bookingapp

    create table clients (
        deleted boolean not null,
        created_at timestamp(6),
        id bigint generated by default as identity,
        last_update_at timestamp(6),
        name varchar(100) not null,
        email varchar(255),
        primary key (id)
    )

    create table clients (
        deleted boolean not null,
        created_at timestamp(6),
        id bigint generated by default as identity,
        last_update_at timestamp(6),
        name varchar(100) not null,
        email varchar(255),
        primary key (id)
    );
#1731693313110 | took 3ms | statement | connection 0| url jdbc:p6spy:postgresql://localhost:5432/bookingapp

    create table corporations (
        deleted boolean not null,
        created_at timestamp(6),
        id bigint generated by default as identity,
        last_update_at timestamp(6),
        name varchar(100) not null,
        primary key (id)
    )

    create table corporations (
        deleted boolean not null,
        created_at timestamp(6),
        id bigint generated by default as identity,
        last_update_at timestamp(6),
        name varchar(100) not null,
        primary key (id)
    );
#1731693313113 | took 3ms | statement | connection 0| url jdbc:p6spy:postgresql://localhost:5432/bookingapp

    create table employees (
        deleted boolean not null,
        created_at timestamp(6),
        id bigint generated by default as identity,
        last_update_at timestamp(6),
        name varchar(100) not null,
        email varchar(255),
        primary key (id)
    )

    create table employees (
        deleted boolean not null,
        created_at timestamp(6),
        id bigint generated by default as identity,
        last_update_at timestamp(6),
        name varchar(100) not null,
        email varchar(255),
        primary key (id)
    );
#1731693313118 | took 4ms | statement | connection 0| url jdbc:p6spy:postgresql://localhost:5432/bookingapp

    create table procedures (
        deleted boolean not null,
        estimated_time_in_minutes integer,
        price float(53) not null,
        created_at timestamp(6),
        id bigint generated by default as identity,
        last_update_at timestamp(6),
        name varchar(100) not null,
        primary key (id)
    )

    create table procedures (
        deleted boolean not null,
        estimated_time_in_minutes integer,
        price float(53) not null,
        created_at timestamp(6),
        id bigint generated by default as identity,
        last_update_at timestamp(6),
        name varchar(100) not null,
        primary key (id)
    );
#1731693313122 | took 3ms | statement | connection 0| url jdbc:p6spy:postgresql://localhost:5432/bookingapp

    create table proprietors (
        deleted boolean not null,
        created_at timestamp(6),
        id bigint generated by default as identity,
        last_update_at timestamp(6),
        name varchar(100) not null,
        email varchar(255),
        primary key (id)
    )

    create table proprietors (
        deleted boolean not null,
        created_at timestamp(6),
        id bigint generated by default as identity,
        last_update_at timestamp(6),
        name varchar(100) not null,
        email varchar(255),
        primary key (id)
    );
#1731693313130 | took 6ms | statement | connection 0| url jdbc:p6spy:postgresql://localhost:5432/bookingapp

    create table subdivisions (
        deleted boolean not null,
        created_at timestamp(6),
        id bigint generated by default as identity,
        last_update_at timestamp(6),
        name varchar(100) not null,
        adress varchar(255) not null,
        contact_info varchar(255),
        primary key (id)
    )

    create table subdivisions (
        deleted boolean not null,
        created_at timestamp(6),
        id bigint generated by default as identity,
        last_update_at timestamp(6),
        name varchar(100) not null,
        adress varchar(255) not null,
        contact_info varchar(255),
        primary key (id)
    );
#1731693658021 | took 4ms | statement | connection 0| url jdbc:p6spy:postgresql://localhost:5432/bookingapp

    drop table if exists agendas cascade

    drop table if exists agendas cascade;
#1731693658023 | took 1ms | statement | connection 0| url jdbc:p6spy:postgresql://localhost:5432/bookingapp

    drop table if exists clients cascade

    drop table if exists clients cascade;
#1731693658024 | took 1ms | statement | connection 0| url jdbc:p6spy:postgresql://localhost:5432/bookingapp

    drop table if exists corporations cascade

    drop table if exists corporations cascade;
#1731693658026 | took 1ms | statement | connection 0| url jdbc:p6spy:postgresql://localhost:5432/bookingapp

    drop table if exists employees cascade

    drop table if exists employees cascade;
#1731693658027 | took 1ms | statement | connection 0| url jdbc:p6spy:postgresql://localhost:5432/bookingapp

    drop table if exists procedures cascade

    drop table if exists procedures cascade;
#1731693658029 | took 1ms | statement | connection 0| url jdbc:p6spy:postgresql://localhost:5432/bookingapp

    drop table if exists proprietors cascade

    drop table if exists proprietors cascade;
#1731693658030 | took 1ms | statement | connection 0| url jdbc:p6spy:postgresql://localhost:5432/bookingapp

    drop table if exists subdivisions cascade

    drop table if exists subdivisions cascade;
#1731693658041 | took 6ms | statement | connection 0| url jdbc:p6spy:postgresql://localhost:5432/bookingapp

    create table agendas (
        day date not null,
        deleted boolean not null,
        end_hour time(6),
        start_hour time(6),
        created_at timestamp(6),
        id bigint generated by default as identity,
        last_update_at timestamp(6),
        primary key (id)
    )

    create table agendas (
        day date not null,
        deleted boolean not null,
        end_hour time(6),
        start_hour time(6),
        created_at timestamp(6),
        id bigint generated by default as identity,
        last_update_at timestamp(6),
        primary key (id)
    );
#1731693658047 | took 5ms | statement | connection 0| url jdbc:p6spy:postgresql://localhost:5432/bookingapp

    create table clients (
        deleted boolean not null,
        created_at timestamp(6),
        id bigint generated by default as identity,
        last_update_at timestamp(6),
        name varchar(100) not null,
        email varchar(255),
        primary key (id)
    )

    create table clients (
        deleted boolean not null,
        created_at timestamp(6),
        id bigint generated by default as identity,
        last_update_at timestamp(6),
        name varchar(100) not null,
        email varchar(255),
        primary key (id)
    );
#1731693658050 | took 3ms | statement | connection 0| url jdbc:p6spy:postgresql://localhost:5432/bookingapp

    create table corporations (
        deleted boolean not null,
        created_at timestamp(6),
        id bigint generated by default as identity,
        last_update_at timestamp(6),
        name varchar(100) not null,
        primary key (id)
    )

    create table corporations (
        deleted boolean not null,
        created_at timestamp(6),
        id bigint generated by default as identity,
        last_update_at timestamp(6),
        name varchar(100) not null,
        primary key (id)
    );
#1731693658055 | took 4ms | statement | connection 0| url jdbc:p6spy:postgresql://localhost:5432/bookingapp

    create table employees (
        deleted boolean not null,
        created_at timestamp(6),
        id bigint generated by default as identity,
        last_update_at timestamp(6),
        name varchar(100) not null,
        email varchar(255),
        primary key (id)
    )

    create table employees (
        deleted boolean not null,
        created_at timestamp(6),
        id bigint generated by default as identity,
        last_update_at timestamp(6),
        name varchar(100) not null,
        email varchar(255),
        primary key (id)
    );
#1731693658060 | took 4ms | statement | connection 0| url jdbc:p6spy:postgresql://localhost:5432/bookingapp

    create table procedures (
        deleted boolean not null,
        estimated_time_in_minutes integer,
        price float(53) not null,
        created_at timestamp(6),
        id bigint generated by default as identity,
        last_update_at timestamp(6),
        name varchar(100) not null,
        primary key (id)
    )

    create table procedures (
        deleted boolean not null,
        estimated_time_in_minutes integer,
        price float(53) not null,
        created_at timestamp(6),
        id bigint generated by default as identity,
        last_update_at timestamp(6),
        name varchar(100) not null,
        primary key (id)
    );
#1731693658064 | took 3ms | statement | connection 0| url jdbc:p6spy:postgresql://localhost:5432/bookingapp

    create table proprietors (
        deleted boolean not null,
        created_at timestamp(6),
        id bigint generated by default as identity,
        last_update_at timestamp(6),
        name varchar(100) not null,
        email varchar(255),
        primary key (id)
    )

    create table proprietors (
        deleted boolean not null,
        created_at timestamp(6),
        id bigint generated by default as identity,
        last_update_at timestamp(6),
        name varchar(100) not null,
        email varchar(255),
        primary key (id)
    );
#1731693658071 | took 6ms | statement | connection 0| url jdbc:p6spy:postgresql://localhost:5432/bookingapp

    create table subdivisions (
        deleted boolean not null,
        created_at timestamp(6),
        id bigint generated by default as identity,
        last_update_at timestamp(6),
        name varchar(100) not null,
        adress varchar(255) not null,
        contact_info varchar(255),
        primary key (id)
    )

    create table subdivisions (
        deleted boolean not null,
        created_at timestamp(6),
        id bigint generated by default as identity,
        last_update_at timestamp(6),
        name varchar(100) not null,
        adress varchar(255) not null,
        contact_info varchar(255),
        primary key (id)
    );
#1731693820707 | took 6ms | statement | connection 0| url jdbc:p6spy:postgresql://localhost:5432/bookingapp

    drop table if exists agendas cascade

    drop table if exists agendas cascade;
#1731693820713 | took 4ms | statement | connection 0| url jdbc:p6spy:postgresql://localhost:5432/bookingapp

    drop table if exists clients cascade

    drop table if exists clients cascade;
#1731693820717 | took 3ms | statement | connection 0| url jdbc:p6spy:postgresql://localhost:5432/bookingapp

    drop table if exists corporations cascade

    drop table if exists corporations cascade;
#1731693820719 | took 2ms | statement | connection 0| url jdbc:p6spy:postgresql://localhost:5432/bookingapp

    drop table if exists employees cascade

    drop table if exists employees cascade;
#1731693820723 | took 3ms | statement | connection 0| url jdbc:p6spy:postgresql://localhost:5432/bookingapp

    drop table if exists procedures cascade

    drop table if exists procedures cascade;
#1731693820727 | took 3ms | statement | connection 0| url jdbc:p6spy:postgresql://localhost:5432/bookingapp

    drop table if exists proprietors cascade

    drop table if exists proprietors cascade;
#1731693820731 | took 5ms | statement | connection 0| url jdbc:p6spy:postgresql://localhost:5432/bookingapp

    drop table if exists subdivisions cascade

    drop table if exists subdivisions cascade;
#1731693820754 | took 14ms | statement | connection 0| url jdbc:p6spy:postgresql://localhost:5432/bookingapp

    create table agendas (
        day date not null,
        deleted boolean not null,
        end_hour time(6),
        start_hour time(6),
        created_at timestamp(6),
        id bigint generated by default as identity,
        last_update_at timestamp(6),
        primary key (id)
    )

    create table agendas (
        day date not null,
        deleted boolean not null,
        end_hour time(6),
        start_hour time(6),
        created_at timestamp(6),
        id bigint generated by default as identity,
        last_update_at timestamp(6),
        primary key (id)
    );
#1731693820762 | took 7ms | statement | connection 0| url jdbc:p6spy:postgresql://localhost:5432/bookingapp

    create table clients (
        deleted boolean not null,
        created_at timestamp(6),
        id bigint generated by default as identity,
        last_update_at timestamp(6),
        name varchar(100) not null,
        email varchar(255),
        primary key (id)
    )

    create table clients (
        deleted boolean not null,
        created_at timestamp(6),
        id bigint generated by default as identity,
        last_update_at timestamp(6),
        name varchar(100) not null,
        email varchar(255),
        primary key (id)
    );
#1731693820769 | took 5ms | statement | connection 0| url jdbc:p6spy:postgresql://localhost:5432/bookingapp

    create table corporations (
        deleted boolean not null,
        created_at timestamp(6),
        id bigint generated by default as identity,
        last_update_at timestamp(6),
        name varchar(100) not null,
        primary key (id)
    )

    create table corporations (
        deleted boolean not null,
        created_at timestamp(6),
        id bigint generated by default as identity,
        last_update_at timestamp(6),
        name varchar(100) not null,
        primary key (id)
    );
#1731693820775 | took 5ms | statement | connection 0| url jdbc:p6spy:postgresql://localhost:5432/bookingapp

    create table employees (
        deleted boolean not null,
        created_at timestamp(6),
        id bigint generated by default as identity,
        last_update_at timestamp(6),
        name varchar(100) not null,
        email varchar(255),
        primary key (id)
    )

    create table employees (
        deleted boolean not null,
        created_at timestamp(6),
        id bigint generated by default as identity,
        last_update_at timestamp(6),
        name varchar(100) not null,
        email varchar(255),
        primary key (id)
    );
#1731693820781 | took 5ms | statement | connection 0| url jdbc:p6spy:postgresql://localhost:5432/bookingapp

    create table procedures (
        deleted boolean not null,
        estimated_time_in_minutes integer,
        price float(53) not null,
        created_at timestamp(6),
        id bigint generated by default as identity,
        last_update_at timestamp(6),
        name varchar(100) not null,
        primary key (id)
    )

    create table procedures (
        deleted boolean not null,
        estimated_time_in_minutes integer,
        price float(53) not null,
        created_at timestamp(6),
        id bigint generated by default as identity,
        last_update_at timestamp(6),
        name varchar(100) not null,
        primary key (id)
    );
#1731693820787 | took 5ms | statement | connection 0| url jdbc:p6spy:postgresql://localhost:5432/bookingapp

    create table proprietors (
        deleted boolean not null,
        created_at timestamp(6),
        id bigint generated by default as identity,
        last_update_at timestamp(6),
        name varchar(100) not null,
        email varchar(255),
        primary key (id)
    )

    create table proprietors (
        deleted boolean not null,
        created_at timestamp(6),
        id bigint generated by default as identity,
        last_update_at timestamp(6),
        name varchar(100) not null,
        email varchar(255),
        primary key (id)
    );
#1731693820794 | took 5ms | statement | connection 0| url jdbc:p6spy:postgresql://localhost:5432/bookingapp

    create table subdivisions (
        deleted boolean not null,
        created_at timestamp(6),
        id bigint generated by default as identity,
        last_update_at timestamp(6),
        name varchar(100) not null,
        adress varchar(255) not null,
        contact_info varchar(255),
        primary key (id)
    )

    create table subdivisions (
        deleted boolean not null,
        created_at timestamp(6),
        id bigint generated by default as identity,
        last_update_at timestamp(6),
        name varchar(100) not null,
        adress varchar(255) not null,
        contact_info varchar(255),
        primary key (id)
    );
#1731693845761 | took 4ms | statement | connection 0| url jdbc:p6spy:postgresql://localhost:5432/bookingapp

    drop table if exists agendas cascade

    drop table if exists agendas cascade;
#1731693845763 | took 1ms | statement | connection 0| url jdbc:p6spy:postgresql://localhost:5432/bookingapp

    drop table if exists clients cascade

    drop table if exists clients cascade;
#1731693845764 | took 1ms | statement | connection 0| url jdbc:p6spy:postgresql://localhost:5432/bookingapp

    drop table if exists corporations cascade

    drop table if exists corporations cascade;
#1731693845766 | took 1ms | statement | connection 0| url jdbc:p6spy:postgresql://localhost:5432/bookingapp

    drop table if exists employees cascade

    drop table if exists employees cascade;
#1731693845768 | took 1ms | statement | connection 0| url jdbc:p6spy:postgresql://localhost:5432/bookingapp

    drop table if exists procedures cascade

    drop table if exists procedures cascade;
#1731693845769 | took 1ms | statement | connection 0| url jdbc:p6spy:postgresql://localhost:5432/bookingapp

    drop table if exists proprietors cascade

    drop table if exists proprietors cascade;
#1731693845771 | took 1ms | statement | connection 0| url jdbc:p6spy:postgresql://localhost:5432/bookingapp

    drop table if exists subdivisions cascade

    drop table if exists subdivisions cascade;
#1731693845781 | took 5ms | statement | connection 0| url jdbc:p6spy:postgresql://localhost:5432/bookingapp

    create table agendas (
        day date not null,
        deleted boolean not null,
        end_hour time(6),
        start_hour time(6),
        created_at timestamp(6),
        id bigint generated by default as identity,
        last_update_at timestamp(6),
        primary key (id)
    )

    create table agendas (
        day date not null,
        deleted boolean not null,
        end_hour time(6),
        start_hour time(6),
        created_at timestamp(6),
        id bigint generated by default as identity,
        last_update_at timestamp(6),
        primary key (id)
    );
#1731693845784 | took 2ms | statement | connection 0| url jdbc:p6spy:postgresql://localhost:5432/bookingapp

    create table clients (
        deleted boolean not null,
        created_at timestamp(6),
        id bigint generated by default as identity,
        last_update_at timestamp(6),
        name varchar(100) not null,
        email varchar(255),
        primary key (id)
    )

    create table clients (
        deleted boolean not null,
        created_at timestamp(6),
        id bigint generated by default as identity,
        last_update_at timestamp(6),
        name varchar(100) not null,
        email varchar(255),
        primary key (id)
    );
#1731693845789 | took 4ms | statement | connection 0| url jdbc:p6spy:postgresql://localhost:5432/bookingapp

    create table corporations (
        deleted boolean not null,
        created_at timestamp(6),
        id bigint generated by default as identity,
        last_update_at timestamp(6),
        name varchar(100) not null,
        primary key (id)
    )

    create table corporations (
        deleted boolean not null,
        created_at timestamp(6),
        id bigint generated by default as identity,
        last_update_at timestamp(6),
        name varchar(100) not null,
        primary key (id)
    );
#1731693845792 | took 2ms | statement | connection 0| url jdbc:p6spy:postgresql://localhost:5432/bookingapp

    create table employees (
        deleted boolean not null,
        created_at timestamp(6),
        id bigint generated by default as identity,
        last_update_at timestamp(6),
        name varchar(100) not null,
        email varchar(255),
        primary key (id)
    )

    create table employees (
        deleted boolean not null,
        created_at timestamp(6),
        id bigint generated by default as identity,
        last_update_at timestamp(6),
        name varchar(100) not null,
        email varchar(255),
        primary key (id)
    );
#1731693845796 | took 3ms | statement | connection 0| url jdbc:p6spy:postgresql://localhost:5432/bookingapp

    create table procedures (
        deleted boolean not null,
        estimated_time_in_minutes integer,
        price float(53) not null,
        created_at timestamp(6),
        id bigint generated by default as identity,
        last_update_at timestamp(6),
        name varchar(100) not null,
        primary key (id)
    )

    create table procedures (
        deleted boolean not null,
        estimated_time_in_minutes integer,
        price float(53) not null,
        created_at timestamp(6),
        id bigint generated by default as identity,
        last_update_at timestamp(6),
        name varchar(100) not null,
        primary key (id)
    );
#1731693845799 | took 2ms | statement | connection 0| url jdbc:p6spy:postgresql://localhost:5432/bookingapp

    create table proprietors (
        deleted boolean not null,
        created_at timestamp(6),
        id bigint generated by default as identity,
        last_update_at timestamp(6),
        name varchar(100) not null,
        email varchar(255),
        primary key (id)
    )

    create table proprietors (
        deleted boolean not null,
        created_at timestamp(6),
        id bigint generated by default as identity,
        last_update_at timestamp(6),
        name varchar(100) not null,
        email varchar(255),
        primary key (id)
    );
#1731693845805 | took 6ms | statement | connection 0| url jdbc:p6spy:postgresql://localhost:5432/bookingapp

    create table subdivisions (
        deleted boolean not null,
        created_at timestamp(6),
        id bigint generated by default as identity,
        last_update_at timestamp(6),
        name varchar(100) not null,
        adress varchar(255) not null,
        contact_info varchar(255),
        primary key (id)
    )

    create table subdivisions (
        deleted boolean not null,
        created_at timestamp(6),
        id bigint generated by default as identity,
        last_update_at timestamp(6),
        name varchar(100) not null,
        adress varchar(255) not null,
        contact_info varchar(255),
        primary key (id)
    );
